<?xml version="1.0" encoding="UTF-8"?>
<coverage generated="1680028026430" clover="3.2.0">
  <project timestamp="1680028026433" name="All files">
    <metrics statements="18" coveredstatements="16" conditionals="11" coveredconditionals="9" methods="5" coveredmethods="4" elements="34" coveredelements="29" complexity="0" loc="18" ncloc="18" packages="1" files="1" classes="1"/>
    <file name="Roller.ts" path="/sandbox/src/Roller.ts">
      <metrics statements="18" coveredstatements="16" conditionals="11" coveredconditionals="9" methods="5" coveredmethods="4"/>
      <line num="1" count="1" type="stmt"/>
      <line num="10" count="6" type="stmt"/>
      <line num="11" count="6" type="stmt"/>
      <line num="12" count="6" type="cond" truecount="4" falsecount="0"/>
      <line num="13" count="1" type="stmt"/>
      <line num="15" count="5" type="stmt"/>
      <line num="29" count="3" type="cond" truecount="3" falsecount="0"/>
      <line num="30" count="1" type="stmt"/>
      <line num="31" count="2" type="stmt"/>
      <line num="32" count="2" type="stmt"/>
      <line num="33" count="2" type="cond" truecount="2" falsecount="2"/>
      <line num="34" count="2" type="stmt"/>
      <line num="36" count="0" type="stmt"/>
      <line num="37" count="2" type="stmt"/>
      <line num="38" count="2" type="stmt"/>
      <line num="44" count="1" type="stmt"/>
      <line num="47" count="2" type="stmt"/>
      <line num="56" count="0" type="stmt"/>
    </file>
  </project>
</coverage>
