{"/sandbox/src/Roller.ts": {"path":"/sandbox/src/Roller.ts","statementMap":{"0":{"start":{"line":10,"column":8},"end":{"line":10,"column":37}},"1":{"start":{"line":11,"column":8},"end":{"line":11,"column":21}},"2":{"start":{"line":12,"column":8},"end":{"line":15,"column":30}},"3":{"start":{"line":13,"column":12},"end":{"line":13,"column":26}},"4":{"start":{"line":15,"column":12},"end":{"line":15,"column":30}},"5":{"start":{"line":29,"column":8},"end":{"line":30,"column":21}},"6":{"start":{"line":30,"column":12},"end":{"line":30,"column":21}},"7":{"start":{"line":31,"column":16},"end":{"line":31,"column":21}},"8":{"start":{"line":32,"column":16},"end":{"line":32,"column":43}},"9":{"start":{"line":33,"column":8},"end":{"line":36,"column":44}},"10":{"start":{"line":34,"column":12},"end":{"line":34,"column":42}},"11":{"start":{"line":36,"column":12},"end":{"line":36,"column":44}},"12":{"start":{"line":37,"column":8},"end":{"line":37,"column":25}},"13":{"start":{"line":38,"column":8},"end":{"line":38,"column":21}},"14":{"start":{"line":44,"column":8},"end":{"line":44,"column":26}},"15":{"start":{"line":47,"column":8},"end":{"line":47,"column":27}},"16":{"start":{"line":56,"column":8},"end":{"line":56,"column":34}},"17":{"start":{"line":1,"column":0},"end":{"line":1,"column":13}}},"fnMap":{"0":{"name":"(anonymous_0)","decl":{"start":{"line":9,"column":4},"end":{"line":9,"column":16}},"loc":{"start":{"line":9,"column":29},"end":{"line":16,"column":5}}},"1":{"name":"(anonymous_1)","decl":{"start":{"line":28,"column":4},"end":{"line":28,"column":8}},"loc":{"start":{"line":28,"column":22},"end":{"line":39,"column":5}}},"2":{"name":"(anonymous_2)","decl":{"start":{"line":43,"column":4},"end":{"line":43,"column":8}},"loc":{"start":{"line":43,"column":8},"end":{"line":45,"column":5}}},"3":{"name":"(anonymous_3)","decl":{"start":{"line":46,"column":4},"end":{"line":46,"column":12}},"loc":{"start":{"line":46,"column":12},"end":{"line":48,"column":5}}},"4":{"name":"(anonymous_4)","decl":{"start":{"line":55,"column":4},"end":{"line":55,"column":16}},"loc":{"start":{"line":55,"column":16},"end":{"line":57,"column":5}}}},"branchMap":{"0":{"loc":{"start":{"line":12,"column":8},"end":{"line":15,"column":30}},"type":"if","locations":[{"start":{"line":12,"column":8},"end":{"line":15,"column":30}},{"start":{"line":15,"column":12},"end":{"line":15,"column":30}}]},"1":{"loc":{"start":{"line":12,"column":11},"end":{"line":12,"column":28}},"type":"binary-expr","locations":[{"start":{"line":12,"column":11},"end":{"line":12,"column":17}},{"start":{"line":12,"column":21},"end":{"line":12,"column":28}}]},"2":{"loc":{"start":{"line":29,"column":8},"end":{"line":30,"column":21}},"type":"if","locations":[{"start":{"line":29,"column":8},"end":{"line":30,"column":21}}]},"3":{"loc":{"start":{"line":29,"column":11},"end":{"line":29,"column":40}},"type":"binary-expr","locations":[{"start":{"line":29,"column":11},"end":{"line":29,"column":18}},{"start":{"line":29,"column":22},"end":{"line":29,"column":40}}]},"4":{"loc":{"start":{"line":33,"column":8},"end":{"line":36,"column":44}},"type":"if","locations":[{"start":{"line":33,"column":8},"end":{"line":36,"column":44}},{"start":{"line":36,"column":12},"end":{"line":36,"column":44}}]},"5":{"loc":{"start":{"line":33,"column":11},"end":{"line":33,"column":33}},"type":"binary-expr","locations":[{"start":{"line":33,"column":11},"end":{"line":33,"column":15}},{"start":{"line":33,"column":19},"end":{"line":33,"column":33}}]}},"s":{"0":6,"1":6,"2":6,"3":1,"4":5,"5":3,"6":1,"7":2,"8":2,"9":2,"10":2,"11":0,"12":2,"13":2,"14":1,"15":2,"16":0,"17":1},"f":{"0":6,"1":3,"2":1,"3":2,"4":0},"b":{"0":[1,5],"1":[6,6],"2":[1],"3":[3,2],"4":[2,0],"5":[2,0]}}
}
