TN:
SF:src/Roller.ts
FN:9,(anonymous_0)
FN:28,(anonymous_1)
FN:43,(anonymous_2)
FN:46,(anonymous_3)
FN:55,(anonymous_4)
FNF:5
FNH:4
FNDA:6,(anonymous_0)
FNDA:3,(anonymous_1)
FNDA:1,(anonymous_2)
FNDA:2,(anonymous_3)
FNDA:0,(anonymous_4)
DA:1,1
DA:10,6
DA:11,6
DA:12,6
DA:13,1
DA:15,5
DA:29,3
DA:30,1
DA:31,2
DA:32,2
DA:33,2
DA:34,2
DA:36,0
DA:37,2
DA:38,2
DA:44,1
DA:47,2
DA:56,0
LF:18
LH:16
BRDA:12,0,0,1
BRDA:12,0,1,5
BRDA:12,1,0,6
BRDA:12,1,1,6
BRDA:29,2,0,1
BRDA:29,3,0,3
BRDA:29,3,1,2
BRDA:33,4,0,2
BRDA:33,4,1,0
BRDA:33,5,0,2
BRDA:33,5,1,0
BRF:11
BRH:9
end_of_record
